<?xml version="1.0" encoding="UTF-8"?>
<!-- Generated by org.testng.reporters.JUnitXMLReporter -->
<testsuite ignored="8" hostname="Suresh" failures="0" tests="4" name="Test" time="142.949" errors="0" timestamp="2025-07-09T08:23:42 IST">
  <testcase classname="Contact.ContactCreationTest" name="contactCreationTest" time="23.32"/>
  <testcase classname="Campaign.CampaignCreationTest" name="campaignCreationTest" time="20.031"/>
  <testcase classname="Campaign.CampaignCreationTest" name="m2" time="0.029"/>
  <testcase classname="CampaignAndProduct.CampaignAndProductTest" name="campaignAndProductTest" time="50.286"/>
  <testcase classname="Generic_Utility.BaseClass" name="@BeforeSuite BS" time="0.0">
    <ignored/>
  </testcase> <!-- @BeforeSuite BS -->
  <testcase classname="Generic_Utility.BaseClass" name="@BeforeTest BT" time="0.0">
    <ignored/>
  </testcase> <!-- @BeforeTest BT -->
  <testcase classname="Generic_Utility.BaseClass" name="@AfterSuite As" time="0.0">
    <ignored/>
  </testcase> <!-- @AfterSuite As -->
  <testcase classname="Generic_Utility.BaseClass" name="@BeforeTest BT" time="0.0">
    <ignored/>
  </testcase> <!-- @BeforeTest BT -->
  <testcase classname="Generic_Utility.BaseClass" name="@AfterTest At" time="0.0">
    <ignored/>
  </testcase> <!-- @AfterTest At -->
  <testcase classname="Generic_Utility.BaseClass" name="@AfterSuite As" time="0.0">
    <ignored/>
  </testcase> <!-- @AfterSuite As -->
  <testcase classname="Generic_Utility.BaseClass" name="@AfterTest At" time="0.0">
    <ignored/>
  </testcase> <!-- @AfterTest At -->
  <testcase classname="Generic_Utility.BaseClass" name="@BeforeSuite BS" time="0.0">
    <ignored/>
  </testcase> <!-- @BeforeSuite BS -->
</testsuite> <!-- Test -->
